Base path: D:/Program Files/Unity/Editor/Data
Cmd: initializeCompiler
Cmd: disassembleShader
  api=4 insize=250 outsize=761 ok=1
Cmd: compileSnippet
  api=4 type=0 insize=4414 outsize=1938 kw= pd=UNITY_ENABLE_REFLECTION_BUFFERS UNITY_USE_DITHER_MASK_FOR_ALPHABLENDED_SHADOWS UNITY_PBS_USE_BRDF1 UNITY_SPECCUBE_BOX_PROJECTION UNITY_SPECCUBE_BLENDING UNITY_ENABLE_DETAIL_NORMALMAP SHADER_API_DESKTOP UNITY_COLORSPACE_GAMMA ok=1
Cmd: disassembleShader
  api=4 insize=1938 outsize=3183 ok=1
Cmd: compileSnippet
  api=1 type=0 insize=4414 outsize=2240 kw=SPOT pd=UNITY_ENABLE_REFLECTION_BUFFERS UNITY_USE_DITHER_MASK_FOR_ALPHABLENDED_SHADOWS UNITY_PBS_USE_BRDF1 UNITY_SPECCUBE_BOX_PROJECTION UNITY_SPECCUBE_BLENDING UNITY_ENABLE_DETAIL_NORMALMAP SHADER_API_DESKTOP UNITY_COLORSPACE_GAMMA ok=1
Cmd: disassembleShader
  api=1 insize=2240 outsize=3580 ok=1
Cmd: compileSnippet
  api=4 type=1 insize=4414 outsize=474 kw=POINT pd=UNITY_ENABLE_REFLECTION_BUFFERS UNITY_USE_DITHER_MASK_FOR_ALPHABLENDED_SHADOWS UNITY_PBS_USE_BRDF1 UNITY_SPECCUBE_BOX_PROJECTION UNITY_SPECCUBE_BLENDING UNITY_ENABLE_DETAIL_NORMALMAP SHADER_API_DESKTOP UNITY_COLORSPACE_GAMMA ok=1
Cmd: disassembleShader
  api=4 insize=474 outsize=1222 ok=1
Cmd: disassembleShader
  api=4 insize=3142 outsize=4613 ok=1
Cmd: disassembleShader
  api=4 insize=3322 outsize=4812 ok=1
Cmd: disassembleShader
  api=4 insize=474 outsize=1222 ok=1
Cmd: disassembleShader
  api=4 insize=474 outsize=1222 ok=1
Cmd: disassembleShader
  api=4 insize=282 outsize=831 ok=1
Cmd: disassembleShader
  api=4 insize=822 outsize=1727 ok=1
Cmd: compileSnippet
  api=1 type=1 insize=1021 outsize=180 kw= pd=UNITY_ENABLE_REFLECTION_BUFFERS UNITY_USE_DITHER_MASK_FOR_ALPHABLENDED_SHADOWS UNITY_PBS_USE_BRDF1 UNITY_SPECCUBE_BOX_PROJECTION UNITY_SPECCUBE_BLENDING UNITY_ENABLE_DETAIL_NORMALMAP SHADER_API_DESKTOP UNITY_COLORSPACE_GAMMA ok=1
Cmd: disassembleShader
  api=1 insize=180 outsize=363 ok=1
Cmd: disassembleShader
  api=4 insize=1278 outsize=2227 ok=1
Cmd: compileSnippet
  error: 2 plat 4 at (85): invalid subscript 'uv'\nCompiling Vertex program
Platform defines: UNITY_ENABLE_REFLECTION_BUFFERS UNITY_USE_DITHER_MASK_FOR_ALPHABLENDED_SHADOWS UNITY_PBS_USE_BRDF1 UNITY_SPECCUBE_BOX_PROJECTION UNITY_SPECCUBE_BLENDING UNITY_ENABLE_DETAIL_NORMALMAP SHADER_API_DESKTOP UNITY_COLORSPACE_GAMMA
  api=4 type=0 insize=1023 outsize=0 kw= pd=UNITY_ENABLE_REFLECTION_BUFFERS UNITY_USE_DITHER_MASK_FOR_ALPHABLENDED_SHADOWS UNITY_PBS_USE_BRDF1 UNITY_SPECCUBE_BOX_PROJECTION UNITY_SPECCUBE_BLENDING UNITY_ENABLE_DETAIL_NORMALMAP SHADER_API_DESKTOP UNITY_COLORSPACE_GAMMA ok=0
Cmd: disassembleShader
  api=4 insize=250 outsize=761 ok=1
Cmd: disassembleShader
  api=4 insize=1938 outsize=3183 ok=1
Cmd: disassembleShader
  api=1 insize=2240 outsize=3580 ok=1
Cmd: disassembleShader
  api=4 insize=3322 outsize=4812 ok=1
Cmd: disassembleShader
  api=4 insize=474 outsize=1222 ok=1
Cmd: disassembleShader
  api=1 insize=296 outsize=496 ok=1
